<?xml version="1.0" encoding="UTF-8"?>
<testExecutions version="1">
  <file path="/Users/juianvisser/Documents/ZHAW/git/markdoc/__tests__/Titlepage.test.js">
    <testCase name="Test Titlepage should render without crashing" duration="5"/>
    <testCase name="Test Titlepage should get style on load" duration="3"/>
  </file>
</testExecutions>