<?xml version="1.0" encoding="UTF-8"?>
<testExecutions version="1">
  <file path="/Users/juianvisser/Documents/ZHAW/git/markdoc/__tests__/wordcounter.test.js">
    <testCase name="WordCounter should count words in the document" duration="5"/>
    <testCase name="WordCounter shouldn&apos;t count newlines, spaces or tabs" duration="1"/>
    <testCase name="WordCounter shouldn&apos;t count punctuation or other symbols as words" duration="0"/>
  </file>
  <file path="/Users/juianvisser/Documents/ZHAW/git/markdoc/__tests__/markdown.test.js">
    <testCase name="Markdown parser should parse headers correctly" duration="7"/>
    <testCase name="Markdown parser should parse formatted paragraphs correctly" duration="4"/>
    <testCase name="Markdown parser should parse an ordered list correctly" duration="2"/>
    <testCase name="Markdown parser should parse an unordered list correctly" duration="1"/>
    <testCase name="Markdown parser should parse nested lists correctly" duration="1"/>
    <testCase name="Markdown parser should output Html code correctly" duration="1"/>
    <testCase name="Markdown parser should output the same source when calling toMarkDown() after parsing" duration="2"/>
    <testCase name="Markdown parser should correctly convert markdown to formatless string" duration="0"/>
    <testCase name="Markdown parser should parse the right source positions" duration="1"/>
  </file>
  <file path="/Users/juianvisser/Documents/ZHAW/git/markdoc/__tests__/react.test.js">
    <testCase name="Test Header should set left text in header" duration="12"/>
    <testCase name="Test Zoom begins with zoom set to 1.0" duration="12"/>
    <testCase name="Test Zoom does not zoom the zoom buttons" duration="8"/>
    <testCase name="Test Zoom can zoom in" duration="12"/>
    <testCase name="Test Zoom can zoom out" duration="9"/>
    <testCase name="Test Zoom doesn&apos;t go below minimum zoom" duration="2"/>
    <testCase name="Test Zoom doesn&apos;t go above maximum zoom" duration="2"/>
    <testCase name="Test Zoom invokes handleZoomIn on zoom-in button click" duration="2"/>
    <testCase name="Test Zoom invokes handleZoomOut on zoom-out button click" duration="2"/>
    <testCase name="Test sidebar opens and closes when clicked" duration="10"/>
    <testCase name="Test sidebar tracks mouse hovering and leaving the sidebar area" duration="8"/>
    <testCase name="Test sidebar updates state with info filled into fields" duration="36"/>
  </file>
</testExecutions>