<?xml version="1.0" encoding="UTF-8"?>
<testExecutions version="1">
  <file path="/Users/sharonsoultanis/GitHub/markdoc/__tests__/markdown.test.js">
    <testCase name="Markdown parser should parse headers correctly" duration="11"/>
    <testCase name="Markdown parser should parse formatted paragraphs correctly" duration="6"/>
    <testCase name="Markdown parser should parse an ordered list correctly" duration="3"/>
    <testCase name="Markdown parser should parse an unordered list correctly" duration="1"/>
    <testCase name="Markdown parser should parse nested lists correctly" duration="1"/>
    <testCase name="Markdown parser should output Html code correctly" duration="2"/>
    <testCase name="Markdown parser should output the same source when calling toMarkDown() after parsing" duration="2"/>
    <testCase name="Markdown parser should correctly convert markdown to formatless string" duration="1"/>
    <testCase name="Markdown parser should parse the right source positions" duration="3"/>
  </file>
  <file path="/Users/sharonsoultanis/GitHub/markdoc/__tests__/react.test.js">
    <testCase name="Test Header should set left text in header" duration="17"/>
    <testCase name="Test Header should set middle text in header" duration="2"/>
    <testCase name="Test Header should set right text in header" duration="1"/>
    <testCase name="Test Zoom begins with zoom set to 1.0" duration="13"/>
    <testCase name="Test Zoom does not zoom the zoom buttons" duration="3"/>
    <testCase name="Test Zoom can zoom in" duration="14"/>
    <testCase name="Test Zoom can zoom out" duration="10"/>
    <testCase name="Test Zoom doesn&apos;t go below minimum zoom" duration="3"/>
    <testCase name="Test Zoom doesn&apos;t go above maximum zoom" duration="2"/>
    <testCase name="Test Zoom invokes handleZoomIn on zoom-in button click" duration="2"/>
    <testCase name="Test Zoom invokes handleZoomOut on zoom-out button click" duration="2"/>
    <testCase name="Test sidebar opens and closes when clicked" duration="12"/>
    <testCase name="Test sidebar tracks mouse hovering and leaving the sidebar area" duration="9"/>
    <testCase name="Test sidebar updates state with info filled into fields" duration="28"/>
  </file>
  <file path="/Users/sharonsoultanis/GitHub/markdoc/__tests__/wordcounter.test.js">
    <testCase name="WordCounter should count words in the document" duration="10"/>
    <testCase name="WordCounter shouldn&apos;t count newlines, spaces or tabs" duration="2"/>
    <testCase name="WordCounter shouldn&apos;t count punctuation or other symbols as words" duration="2"/>
    <testCase name="CharacterCounter should count every single character in the document" duration="1"/>
    <testCase name="CharacterCounter should not count spaces" duration="1"/>
    <testCase name="CharacterCounter should count special character" duration="1"/>
    <testCase name="CharacterCounter should show zero, if no it has no text" duration="0"/>
  </file>
</testExecutions>