<?xml version="1.0" encoding="UTF-8"?>
<testExecutions version="1">
  <file path="/home/alan/Dokumente/git/markdoc/__tests__/markdown.test.js">
    <testCase name="InputStream should read strings correctly" duration="5"/>
    <testCase name="InputStream should peek characters correctly" duration="1"/>
    <testCase name="InputStream should detect the end of the string correctly" duration="1"/>
    <testCase name="InputStream should keep track of the string position" duration="1"/>
    <testCase name="InputStream should keep track of the current line and column" duration="1"/>
    <testCase name="InputStream should test regex" duration="0"/>
    <testCase name="InputStream should match regex" duration="0"/>
    <testCase name="InputStream should skip a certain amount of characters" duration="1"/>
    <testCase name="InputStream should skip to the next row(for testing purposes)" duration="2"/>
    <testCase name="Token Regex should match headers appropriately" duration="1"/>
    <testCase name="Token Regex should match blockquotes appropriately" duration="1"/>
    <testCase name="Token Regex should match rules appropriately" duration="2"/>
    <testCase name="Token Regex should match lists appropriately" duration="1"/>
    <testCase name="Token Regex should match code blocks appropriately" duration="0"/>
    <testCase name="Token Regex should match TOCs appropriately" duration="0"/>
    <testCase name="Token Regex should match TOFs appropriately" duration="1"/>
    <testCase name="Token Regex should match pagebreaks appropriately" duration="0"/>
    <testCase name="Token Regex should match references appropriately" duration="0"/>
    <testCase name="Token Regex should match latex blocks appropriately" duration="1"/>
    <testCase name="Token Regex should match newlines appropriately" duration="0"/>
    <testCase name="Token Regex should match bold text indicators appropriately" duration="0"/>
    <testCase name="Token Regex should match italics text indicators appropriately" duration="0"/>
    <testCase name="Token Regex should match strikethrough text indicators appropriately" duration="1"/>
    <testCase name="Token Regex should match image start indicators appropriately" duration="0"/>
    <testCase name="Token Regex should match link start indicators appropriately" duration="3"/>
    <testCase name="Token Regex should match image-/link-end indicators appropriately" duration="1"/>
    <testCase name="Token Regex should match code indicators appropriately" duration="0"/>
    <testCase name="Token Regex should match latex indicators appropriately" duration="0"/>
    <testCase name="Token Regex should match latex indicators appropriately" duration="0"/>
    <testCase name="TokenStream should find the correct amount of tokens" duration="1"/>
    <testCase name="TokenStream should tokenize to the correct types" duration="1"/>
    <testCase name="TokenStream should record the correct columns and rows" duration="1"/>
    <testCase name="TokenStream should find proper header tokens" duration="2"/>
    <testCase name="TokenStream should find proper blockquotes" duration="1"/>
    <testCase name="TokenStream should find proper rules" duration="0"/>
    <testCase name="TokenStream should find proper lists" duration="1"/>
    <testCase name="TokenStream should find proper code blocks" duration="1"/>
    <testCase name="TokenStream should find proper TOCs" duration="0"/>
    <testCase name="TokenStream should find proper TOFs" duration="1"/>
    <testCase name="TokenStream should find proper pagebreaks" duration="0"/>
    <testCase name="TokenStream should find proper references" duration="1"/>
    <testCase name="TokenStream should find proper LaTeX blocks" duration="0"/>
    <testCase name="TokenStream should find proper newlines" duration="1"/>
    <testCase name="TokenStream should find proper bold indicators" duration="1"/>
    <testCase name="TokenStream should find proper italics indicators" duration="0"/>
    <testCase name="TokenStream should find proper strikethrough indicators" duration="1"/>
    <testCase name="TokenStream should find proper image start indicators" duration="0"/>
    <testCase name="TokenStream should find proper link start indicators" duration="0"/>
    <testCase name="TokenStream should find proper image-/link end indicators" duration="1"/>
    <testCase name="TokenStream should find proper code indicators" duration="0"/>
    <testCase name="TokenStream should find proper latex indicators" duration="0"/>
    <testCase name="TokenStream should find proper latex indicators" duration="1"/>
    <testCase name="TokenStream should skip to the next row(for testing purposes)" duration="1"/>
    <testCase name="Parser should parse the right amount of components" duration="2"/>
    <testCase name="Parser should parse headers" duration="1"/>
    <testCase name="Parser should parse block quotes" duration="1"/>
    <testCase name="Parser should parse rules" duration="0"/>
    <testCase name="Parser should parse list heads" duration="3"/>
    <testCase name="Parser should parse list items" duration="1"/>
    <testCase name="Parser should parse lists" duration="1"/>
    <testCase name="Parser should parse Code blocks" duration="1"/>
    <testCase name="Parser should parse TOCs" duration="1"/>
    <testCase name="Parser should parse TOFs" duration="1"/>
    <testCase name="Parser should parse pagebreaks" duration="0"/>
    <testCase name="Parser should parse references" duration="2"/>
    <testCase name="Parser should parse LaTeX blocks" duration="13"/>
    <testCase name="Parser should parse softbreaks" duration="1"/>
    <testCase name="Parser should parse paragraphs" duration="0"/>
    <testCase name="Parser should parse any string sequence" duration="5"/>
    <testCase name="Parser should parse text rows" duration="0"/>
    <testCase name="Parser should parse a text token" duration="1"/>
    <testCase name="Parser should reinterpret failed formatting as text" duration="0"/>
    <testCase name="Parser should parse bold text" duration="1"/>
    <testCase name="Parser should parse italicized text" duration="1"/>
    <testCase name="Parser should parse strikethrough text" duration="1"/>
    <testCase name="Parser should parse inline latex" duration="1"/>
    <testCase name="Parser should parse links" duration="2"/>
    <testCase name="Parser should parse images" duration="2"/>
    <testCase name="Parser Should parse a document to an array" duration="1"/>
    <testCase name="Parser Should parse a document to a DOM" duration="2"/>
    <testCase name="Parser should parse headers correctly" duration="1"/>
    <testCase name="Parser should parse formatted paragraphs correctly" duration="0"/>
    <testCase name="Parser should parse an ordered list correctly" duration="1"/>
    <testCase name="Parser should parse an unordered list correctly" duration="0"/>
    <testCase name="Parser should parse nested lists correctly" duration="1"/>
    <testCase name="Parser should output Html code correctly" duration="1"/>
    <testCase name="Parser should output the same source when calling toMarkDown() after parsing" duration="0"/>
    <testCase name="Parser should correctly convert markdown to formatless string" duration="3"/>
    <testCase name="Parser should parse the right source positions" duration="0"/>
    <testCase name="Parser should parse one TOC and only one" duration="1"/>
    <testCase name="Parser should parse one TOF and only one" duration="0"/>
    <testCase name="LaTeX Parser should parse latex" duration="1"/>
    <testCase name="LaTeX Parser should know if an expression has been parsed before" duration="1"/>
    <testCase name="LaTeX Parser should return cached expressions" duration="0"/>
    <testCase name="LaTeX Parser should cache expression-html-pairs" duration="1"/>
    <testCase name="LaTeX Parser should throw out cached expressions when limit reached" duration="2"/>
  </file>
</testExecutions>